app/build/outputs/logs/manifest-merger-release-report.txt
-- Merging decision tree log ---
manifest
ADDED from src\main\AndroidManifest.xml:7:1-68:12
	package
		ADDED from src\main\AndroidManifest.xml:8:5-37
		INJECTED from src\main\AndroidManifest.xml
		INJECTED from src\main\AndroidManifest.xml
	android:versionName
		INJECTED from src\main\AndroidManifest.xml
		INJECTED from src\main\AndroidManifest.xml
	xmlns:android
		ADDED from src\main\AndroidManifest.xml:7:11-69
	android:versionCode
		INJECTED from src\main\AndroidManifest.xml
		INJECTED from src\main\AndroidManifest.xml
uses-permission#android.permission.INTERNET
ADDED from src\main\AndroidManifest.xml:12:9-71
MERGED from [com.google.android.gms:play-services-ads-lite:9.4.0] AndroidManifest.xml:20:5-66
	android:name
		ADDED from src\main\AndroidManifest.xml:12:26-68
uses-permission#android.permission.ACCESS_NETWORK_STATE
ADDED from src\main\AndroidManifest.xml:14:9-83
MERGED from [com.google.android.gms:play-services-ads-lite:9.4.0] AndroidManifest.xml:21:5-78
	android:name
		ADDED from src\main\AndroidManifest.xml:14:26-80
application
ADDED from src\main\AndroidManifest.xml:17:5-66:19
MERGED from [flutterDuck:BaseGameUtils:unspecified] AndroidManifest.xml:24:5-28:19
MERGED from [com.android.support:appcompat-v7:24.2.1] AndroidManifest.xml:25:5-20
MERGED from [com.android.support:animated-vector-drawable:24.2.1] AndroidManifest.xml:22:5-20
MERGED from [com.android.support:support-vector-drawable:24.2.1] AndroidManifest.xml:23:5-20
MERGED from [com.google.android.gms:play-services-games:9.4.0] AndroidManifest.xml:19:5-20
MERGED from [com.google.android.gms:play-services-drive:9.4.0] AndroidManifest.xml:19:5-20
MERGED from [com.google.android.gms:play-services-plus:9.4.0] AndroidManifest.xml:19:5-20
MERGED from [com.google.android.gms:play-services-ads-lite:9.4.0] AndroidManifest.xml:24:5-32:19
MERGED from [com.google.android.gms:play-services-clearcut:9.4.0] AndroidManifest.xml:19:5-20
MERGED from [com.google.android.gms:play-services-base:9.4.0] AndroidManifest.xml:19:5-23:19
MERGED from [com.google.android.gms:play-services-tasks:9.4.0] AndroidManifest.xml:5:5-20
MERGED from [com.google.android.gms:play-services-gass:9.4.0] AndroidManifest.xml:19:5-20
MERGED from [com.google.android.gms:play-services-basement:9.4.0] AndroidManifest.xml:20:5-24:19
MERGED from [com.android.support:support-v4:24.2.1] AndroidManifest.xml:25:5-20
MERGED from [com.android.support:support-fragment:24.2.1] AndroidManifest.xml:25:5-20
MERGED from [com.android.support:support-media-compat:24.2.1] AndroidManifest.xml:25:5-20
MERGED from [com.android.support:support-core-ui:24.2.1] AndroidManifest.xml:25:5-20
MERGED from [com.android.support:support-core-utils:24.2.1] AndroidManifest.xml:25:5-20
MERGED from [com.android.support:support-compat:24.2.1] AndroidManifest.xml:25:5-20
	android:label
		ADDED from src\main\AndroidManifest.xml:20:9-41
	android:supportsRtl
		ADDED from src\main\AndroidManifest.xml:21:9-35
	android:allowBackup
		ADDED from src\main\AndroidManifest.xml:18:9-35
	android:icon
		ADDED from src\main\AndroidManifest.xml:19:9-43
	android:theme
		ADDED from src\main\AndroidManifest.xml:22:9-67
meta-data#com.google.android.gms.games.APP_ID
ADDED from src\main\AndroidManifest.xml:25:9-104
	android:value
		ADDED from src\main\AndroidManifest.xml:25:71-101
	android:name
		ADDED from src\main\AndroidManifest.xml:25:20-70
activity#com.jhonts.flutterduck.MainActivity
ADDED from src\main\AndroidManifest.xml:27:9-35:20
	android:screenOrientation
		ADDED from src\main\AndroidManifest.xml:30:13-49
	android:label
		ADDED from src\main\AndroidManifest.xml:29:13-45
	android:name
		ADDED from src\main\AndroidManifest.xml:28:13-41
intent-filter#android.intent.action.MAIN+android.intent.category.LAUNCHER
ADDED from src\main\AndroidManifest.xml:31:13-34:29
action#android.intent.action.MAIN
ADDED from src\main\AndroidManifest.xml:32:17-69
	android:name
		ADDED from src\main\AndroidManifest.xml:32:25-66
category#android.intent.category.LAUNCHER
ADDED from src\main\AndroidManifest.xml:33:17-77
	android:name
		ADDED from src\main\AndroidManifest.xml:33:27-74
activity#com.jhonts.flutterduck.Game
ADDED from src\main\AndroidManifest.xml:37:9-46:20
	android:screenOrientation
		ADDED from src\main\AndroidManifest.xml:41:13-49
	android:label
		ADDED from src\main\AndroidManifest.xml:39:13-45
	android:configChanges
		ADDED from src\main\AndroidManifest.xml:40:13-186
	android:name
		ADDED from src\main\AndroidManifest.xml:38:13-33
intent-filter#android.intent.category.DEFAULT+com.jhonts.flutterduck.Game
ADDED from src\main\AndroidManifest.xml:42:13-45:29
action#com.jhonts.flutterduck.Game
ADDED from src\main\AndroidManifest.xml:43:17-70
	android:name
		ADDED from src\main\AndroidManifest.xml:43:25-67
category#android.intent.category.DEFAULT
ADDED from src\main\AndroidManifest.xml:44:17-76
	android:name
		ADDED from src\main\AndroidManifest.xml:44:27-73
activity#com.jhonts.flutterduck.About
ADDED from src\main\AndroidManifest.xml:48:9-56:20
	android:screenOrientation
		ADDED from src\main\AndroidManifest.xml:51:13-49
	android:label
		ADDED from src\main\AndroidManifest.xml:50:13-45
	android:name
		ADDED from src\main\AndroidManifest.xml:49:13-34
intent-filter#android.intent.category.DEFAULT+com.jhonts.flutterduck.About
ADDED from src\main\AndroidManifest.xml:52:13-55:29
action#com.jhonts.flutterduck.About
ADDED from src\main\AndroidManifest.xml:53:17-71
	android:name
		ADDED from src\main\AndroidManifest.xml:53:25-68
activity#com.apptracker.android.module.AppModuleActivity
ADDED from src\main\AndroidManifest.xml:59:9-62:20
	android:hardwareAccelerated
		ADDED from src\main\AndroidManifest.xml:61:13-48
	android:configChanges
		ADDED from src\main\AndroidManifest.xml:59:19-89
	android:name
		ADDED from src\main\AndroidManifest.xml:60:13-75
service#com.apptracker.android.track.AppTrackerService
ADDED from src\main\AndroidManifest.xml:63:9-82
	android:name
		ADDED from src\main\AndroidManifest.xml:63:18-79
uses-sdk
INJECTED from src\main\AndroidManifest.xml reason: use-sdk injection requested
MERGED from [flutterDuck:BaseGameUtils:unspecified] AndroidManifest.xml:22:5-44
MERGED from [com.android.support:appcompat-v7:24.2.1] AndroidManifest.xml:21:5-23:78
MERGED from [com.android.support:animated-vector-drawable:24.2.1] AndroidManifest.xml:20:5-44
MERGED from [com.android.support:support-vector-drawable:24.2.1] AndroidManifest.xml:21:5-43
MERGED from [com.google.android.gms:play-services-games:9.4.0] AndroidManifest.xml:18:5-42
MERGED from [com.google.android.gms:play-services-drive:9.4.0] AndroidManifest.xml:18:5-42
MERGED from [com.google.android.gms:play-services-plus:9.4.0] AndroidManifest.xml:18:5-42
MERGED from [com.google.android.gms:play-services-ads:9.4.0] AndroidManifest.xml:19:5-42
MERGED from [com.google.android.gms:play-services-ads-lite:9.4.0] AndroidManifest.xml:23:5-42
MERGED from [com.google.android.gms:play-services-clearcut:9.4.0] AndroidManifest.xml:18:5-42
MERGED from [com.google.android.gms:play-services-base:9.4.0] AndroidManifest.xml:18:5-42
MERGED from [com.google.android.gms:play-services-tasks:9.4.0] AndroidManifest.xml:4:5-43
MERGED from [com.google.android.gms:play-services-gass:9.4.0] AndroidManifest.xml:18:5-42
MERGED from [com.google.android.gms:play-services-basement:9.4.0] AndroidManifest.xml:18:5-42
MERGED from [com.android.support:support-v4:24.2.1] AndroidManifest.xml:21:5-23:54
MERGED from [com.android.support:support-fragment:24.2.1] AndroidManifest.xml:21:5-23:60
MERGED from [com.android.support:support-media-compat:24.2.1] AndroidManifest.xml:21:5-23:63
MERGED from [com.android.support:support-core-ui:24.2.1] AndroidManifest.xml:21:5-23:58
MERGED from [com.android.support:support-core-utils:24.2.1] AndroidManifest.xml:21:5-23:61
MERGED from [com.android.support:support-compat:24.2.1] AndroidManifest.xml:21:5-23:58
	tools:overrideLibrary
		ADDED from [com.android.support:appcompat-v7:24.2.1] AndroidManifest.xml:23:9-75
	android:targetSdkVersion
		INJECTED from src\main\AndroidManifest.xml
		INJECTED from src\main\AndroidManifest.xml
	android:minSdkVersion
		INJECTED from src\main\AndroidManifest.xml
		INJECTED from src\main\AndroidManifest.xml
meta-data#unityplayer.ForwardNativeEventsToDalvik
ADDED from [flutterDuck:BaseGameUtils:unspecified] AndroidManifest.xml:25:9-27:36
	android:value
		ADDED from [flutterDuck:BaseGameUtils:unspecified] AndroidManifest.xml:27:13-33
	android:name
		ADDED from [flutterDuck:BaseGameUtils:unspecified] AndroidManifest.xml:26:13-67
activity#com.google.android.gms.ads.AdActivity
ADDED from [com.google.android.gms:play-services-ads-lite:9.4.0] AndroidManifest.xml:26:9-29:64
	android:configChanges
		ADDED from [com.google.android.gms:play-services-ads-lite:9.4.0] AndroidManifest.xml:28:13-122
	android:theme
		ADDED from [com.google.android.gms:play-services-ads-lite:9.4.0] AndroidManifest.xml:29:13-61
	android:name
		ADDED from [com.google.android.gms:play-services-ads-lite:9.4.0] AndroidManifest.xml:27:13-65
activity#com.google.android.gms.ads.purchase.InAppPurchaseActivity
ADDED from [com.google.android.gms:play-services-ads-lite:9.4.0] AndroidManifest.xml:30:9-31:52
	android:theme
		ADDED from [com.google.android.gms:play-services-ads-lite:9.4.0] AndroidManifest.xml:31:13-50
	android:name
		ADDED from [com.google.android.gms:play-services-ads-lite:9.4.0] AndroidManifest.xml:30:19-91
activity#com.google.android.gms.common.api.GoogleApiActivity
ADDED from [com.google.android.gms:play-services-base:9.4.0] AndroidManifest.xml:20:9-22:45
	android:exported
		ADDED from [com.google.android.gms:play-services-base:9.4.0] AndroidManifest.xml:22:19-43
	android:theme
		ADDED from [com.google.android.gms:play-services-base:9.4.0] AndroidManifest.xml:21:19-78
	android:name
		ADDED from [com.google.android.gms:play-services-base:9.4.0] AndroidManifest.xml:20:19-85
meta-data#com.google.android.gms.version
ADDED from [com.google.android.gms:play-services-basement:9.4.0] AndroidManifest.xml:21:9-23:69
	android:value
		ADDED from [com.google.android.gms:play-services-basement:9.4.0] AndroidManifest.xml:23:13-66
	android:name
		ADDED from [com.google.android.gms:play-services-basement:9.4.0] AndroidManifest.xml:22:13-58